c:\users\linds\desktop\sp2 t13\mygraphics\debug\vc140.pdb
c:\users\linds\desktop\sp2 t13\mygraphics\debug\vc140.idb
c:\users\linds\desktop\sp2 t13\mygraphics\debug\application.obj
c:\users\linds\desktop\sp2 t13\mygraphics\debug\camera.obj
c:\users\linds\desktop\sp2 t13\mygraphics\debug\camera3.obj
c:\users\linds\desktop\sp2 t13\mygraphics\debug\dinosaur.obj
c:\users\linds\desktop\sp2 t13\mygraphics\debug\loadobj.obj
c:\users\linds\desktop\sp2 t13\mygraphics\debug\loadtga.obj
c:\users\linds\desktop\sp2 t13\mygraphics\debug\main.obj
c:\users\linds\desktop\sp2 t13\mygraphics\debug\mesh.obj
c:\users\linds\desktop\sp2 t13\mygraphics\debug\meshbuilder.obj
c:\users\linds\desktop\sp2 t13\mygraphics\debug\studioproject.obj
c:\users\linds\desktop\sp2 t13\mygraphics\debug\shader.obj
c:\users\linds\desktop\sp2 t13\mygraphics\debug\utility.obj
c:\users\linds\desktop\sp2 t13\debug\mygraphics.ilk
c:\users\linds\desktop\sp2 t13\debug\mygraphics.exe
c:\users\linds\desktop\sp2 t13\debug\mygraphics.pdb
c:\users\linds\desktop\sp2 t13\mygraphics\debug\mygraphics.tlog\cl.command.1.tlog
c:\users\linds\desktop\sp2 t13\mygraphics\debug\mygraphics.tlog\cl.read.1.tlog
c:\users\linds\desktop\sp2 t13\mygraphics\debug\mygraphics.tlog\cl.write.1.tlog
c:\users\linds\desktop\sp2 t13\mygraphics\debug\mygraphics.tlog\link.command.1.tlog
c:\users\linds\desktop\sp2 t13\mygraphics\debug\mygraphics.tlog\link.read.1.tlog
c:\users\linds\desktop\sp2 t13\mygraphics\debug\mygraphics.tlog\link.write.1.tlog
