Application.obj : error LNK2019: unresolved external symbol "public: __cdecl StopWatch::StopWatch(void)" (??0StopWatch@@QEAA@XZ) referenced in function "public: __cdecl Application::Application(void)" (??0Application@@QEAA@XZ)
Application.obj : error LNK2019: unresolved external symbol "public: __cdecl StopWatch::~StopWatch(void)" (??1StopWatch@@QEAA@XZ) referenced in function "public: __cdecl Application::~Application(void)" (??1Application@@QEAA@XZ)
Application.obj : error LNK2019: unresolved external symbol "public: void __cdecl StopWatch::startTimer(void)" (?startTimer@StopWatch@@QEAAXXZ) referenced in function "public: void __cdecl Application::Run(void)" (?Run@Application@@QEAAXXZ)
Application.obj : error LNK2019: unresolved external symbol "public: double __cdecl StopWatch::getElapsedTime(void)" (?getElapsedTime@StopWatch@@QEAANXZ) referenced in function "public: void __cdecl Application::Run(void)" (?Run@Application@@QEAAXXZ)
Application.obj : error LNK2019: unresolved external symbol "public: void __cdecl StopWatch::waitUntil(__int64)" (?waitUntil@StopWatch@@QEAAX_J@Z) referenced in function "public: void __cdecl Application::Run(void)" (?Run@Application@@QEAAXXZ)
Application.obj : error LNK2019: unresolved external symbol __imp_glewInit referenced in function "public: void __cdecl Application::Init(void)" (?Init@Application@@QEAAXXZ)
Application.obj : error LNK2019: unresolved external symbol __imp_glewGetErrorString referenced in function "public: void __cdecl Application::Init(void)" (?Init@Application@@QEAAXXZ)
Application.obj : error LNK2019: unresolved external symbol glfwInit referenced in function "public: void __cdecl Application::Init(void)" (?Init@Application@@QEAAXXZ)
Application.obj : error LNK2019: unresolved external symbol glfwTerminate referenced in function "public: void __cdecl Application::Exit(void)" (?Exit@Application@@QEAAXXZ)
Application.obj : error LNK2019: unresolved external symbol glfwSetErrorCallback referenced in function "public: void __cdecl Application::Init(void)" (?Init@Application@@QEAAXXZ)
Application.obj : error LNK2019: unresolved external symbol glfwWindowHint referenced in function "public: void __cdecl Application::Init(void)" (?Init@Application@@QEAAXXZ)
Application.obj : error LNK2019: unresolved external symbol glfwCreateWindow referenced in function "public: void __cdecl Application::Init(void)" (?Init@Application@@QEAAXXZ)
Application.obj : error LNK2019: unresolved external symbol glfwDestroyWindow referenced in function "public: void __cdecl Application::Exit(void)" (?Exit@Application@@QEAAXXZ)
Application.obj : error LNK2019: unresolved external symbol glfwWindowShouldClose referenced in function "public: void __cdecl Application::Run(void)" (?Run@Application@@QEAAXXZ)
Application.obj : error LNK2019: unresolved external symbol glfwSetWindowSizeCallback referenced in function "public: void __cdecl Application::Init(void)" (?Init@Application@@QEAAXXZ)
Application.obj : error LNK2019: unresolved external symbol glfwPollEvents referenced in function "public: void __cdecl Application::Run(void)" (?Run@Application@@QEAAXXZ)
Application.obj : error LNK2019: unresolved external symbol glfwSetInputMode referenced in function "public: void __cdecl Application::Init(void)" (?Init@Application@@QEAAXXZ)
Application.obj : error LNK2019: unresolved external symbol glfwGetCursorPos referenced in function "public: static void __cdecl Application::GetMousePos(double &,double &)" (?GetMousePos@Application@@SAXAEAN0@Z)
Application.obj : error LNK2019: unresolved external symbol glfwSetCursorPos referenced in function "public: static void __cdecl Application::SetMousePos(void)" (?SetMousePos@Application@@SAXXZ)
Application.obj : error LNK2019: unresolved external symbol glfwMakeContextCurrent referenced in function "public: void __cdecl Application::Init(void)" (?Init@Application@@QEAAXXZ)
Application.obj : error LNK2019: unresolved external symbol glfwSwapBuffers referenced in function "public: void __cdecl Application::Run(void)" (?Run@Application@@QEAAXXZ)
Application.obj : error LNK2001: unresolved external symbol __imp_glewExperimental
MeshBuilder.obj : error LNK2001: unresolved external symbol "public: __cdecl Vector3::Vector3(float,float,float)" (??0Vector3@@QEAA@MMM@Z)
StudioProject.obj : error LNK2001: unresolved external symbol "public: __cdecl Vector3::Vector3(float,float,float)" (??0Vector3@@QEAA@MMM@Z)
Camera.obj : error LNK2001: unresolved external symbol "public: __cdecl Vector3::Vector3(float,float,float)" (??0Vector3@@QEAA@MMM@Z)
Camera3.obj : error LNK2001: unresolved external symbol "public: __cdecl Vector3::Vector3(float,float,float)" (??0Vector3@@QEAA@MMM@Z)
Dinosaur.obj : error LNK2001: unresolved external symbol "public: __cdecl Vector3::Vector3(float,float,float)" (??0Vector3@@QEAA@MMM@Z)
LoadOBJ.obj : error LNK2001: unresolved external symbol "public: __cdecl Vector3::Vector3(float,float,float)" (??0Vector3@@QEAA@MMM@Z)
MeshBuilder.obj : error LNK2001: unresolved external symbol "public: __cdecl Vector3::~Vector3(void)" (??1Vector3@@QEAA@XZ)
StudioProject.obj : error LNK2001: unresolved external symbol "public: __cdecl Vector3::~Vector3(void)" (??1Vector3@@QEAA@XZ)
Camera.obj : error LNK2001: unresolved external symbol "public: __cdecl Vector3::~Vector3(void)" (??1Vector3@@QEAA@XZ)
Camera3.obj : error LNK2001: unresolved external symbol "public: __cdecl Vector3::~Vector3(void)" (??1Vector3@@QEAA@XZ)
Dinosaur.obj : error LNK2001: unresolved external symbol "public: __cdecl Vector3::~Vector3(void)" (??1Vector3@@QEAA@XZ)
LoadOBJ.obj : error LNK2001: unresolved external symbol "public: __cdecl Vector3::~Vector3(void)" (??1Vector3@@QEAA@XZ)
Camera.obj : error LNK2019: unresolved external symbol "public: void __cdecl Vector3::Set(float,float,float)" (?Set@Vector3@@QEAAXMMM@Z) referenced in function "public: virtual void __cdecl Camera::Reset(void)" (?Reset@Camera@@UEAAXXZ)
LoadOBJ.obj : error LNK2001: unresolved external symbol "public: void __cdecl Vector3::Set(float,float,float)" (?Set@Vector3@@QEAAXMMM@Z)
MeshBuilder.obj : error LNK2001: unresolved external symbol "public: void __cdecl Vector3::Set(float,float,float)" (?Set@Vector3@@QEAAXMMM@Z)
StudioProject.obj : error LNK2001: unresolved external symbol "public: void __cdecl Vector3::Set(float,float,float)" (?Set@Vector3@@QEAAXMMM@Z)
Camera.obj : error LNK2019: unresolved external symbol "public: struct Vector3 & __cdecl Vector3::operator=(struct Vector3 const &)" (??4Vector3@@QEAAAEAU0@AEBU0@@Z) referenced in function "public: virtual void __cdecl Camera::Init(struct Vector3 const &,struct Vector3 const &,struct Vector3 const &)" (?Init@Camera@@UEAAXAEBUVector3@@00@Z)
Camera3.obj : error LNK2001: unresolved external symbol "public: struct Vector3 & __cdecl Vector3::operator=(struct Vector3 const &)" (??4Vector3@@QEAAAEAU0@AEBU0@@Z)
Dinosaur.obj : error LNK2001: unresolved external symbol "public: struct Vector3 & __cdecl Vector3::operator=(struct Vector3 const &)" (??4Vector3@@QEAAAEAU0@AEBU0@@Z)
Camera3.obj : error LNK2019: unresolved external symbol "public: struct Vector3 __cdecl Vector3::operator+(struct Vector3 const &)const " (??HVector3@@QEBA?AU0@AEBU0@@Z) referenced in function "public: virtual void __cdecl Camera3::CameraTranslator(float,float,float)" (?CameraTranslator@Camera3@@UEAAXMMM@Z)
Camera3.obj : error LNK2019: unresolved external symbol "public: struct Vector3 __cdecl Vector3::operator-(struct Vector3 const &)const " (??GVector3@@QEBA?AU0@AEBU0@@Z) referenced in function "public: virtual void __cdecl Camera3::Init(struct Vector3 const &,struct Vector3 const &,struct Vector3 const &)" (?Init@Camera3@@UEAAXAEBUVector3@@00@Z)
Camera3.obj : error LNK2019: unresolved external symbol "public: struct Vector3 __cdecl Vector3::operator*(float)const " (??DVector3@@QEBA?AU0@M@Z) referenced in function "public: virtual void __cdecl Camera3::Update(double)" (?Update@Camera3@@UEAAXN@Z)
Dinosaur.obj : error LNK2001: unresolved external symbol "public: struct Vector3 __cdecl Vector3::operator*(float)const " (??DVector3@@QEBA?AU0@M@Z)
Camera3.obj : error LNK2019: unresolved external symbol "public: struct Vector3 __cdecl Vector3::Cross(struct Vector3 const &)const " (?Cross@Vector3@@QEBA?AU1@AEBU1@@Z) referenced in function "public: virtual void __cdecl Camera3::Init(struct Vector3 const &,struct Vector3 const &,struct Vector3 const &)" (?Init@Camera3@@UEAAXAEBUVector3@@00@Z)
Camera3.obj : error LNK2019: unresolved external symbol "public: struct Vector3 __cdecl Vector3::Normalized(void)const " (?Normalized@Vector3@@QEBA?AU1@XZ) referenced in function "public: virtual void __cdecl Camera3::Init(struct Vector3 const &,struct Vector3 const &,struct Vector3 const &)" (?Init@Camera3@@UEAAXAEBUVector3@@00@Z)
Camera3.obj : error LNK2019: unresolved external symbol "public: struct Vector3 & __cdecl Vector3::Normalize(void)" (?Normalize@Vector3@@QEAAAEAU1@XZ) referenced in function "public: virtual void __cdecl Camera3::Init(struct Vector3 const &,struct Vector3 const &,struct Vector3 const &)" (?Init@Camera3@@UEAAXAEBUVector3@@00@Z)
Camera3.obj : error LNK2019: unresolved external symbol "public: __cdecl Mtx44::Mtx44(float,float,float,float,float,float,float,float,float,float,float,float,float,float,float,float)" (??0Mtx44@@QEAA@MMMMMMMMMMMMMMMM@Z) referenced in function "public: virtual void __cdecl Camera3::Update(double)" (?Update@Camera3@@UEAAXN@Z)
StudioProject.obj : error LNK2001: unresolved external symbol "public: __cdecl Mtx44::Mtx44(float,float,float,float,float,float,float,float,float,float,float,float,float,float,float,float)" (??0Mtx44@@QEAA@MMMMMMMMMMMMMMMM@Z)
Camera3.obj : error LNK2019: unresolved external symbol "public: class Mtx44 __cdecl Mtx44::operator*(class Mtx44 const &)const " (??DMtx44@@QEBA?AV0@AEBV0@@Z) referenced in function "public: virtual void __cdecl Camera3::Update(double)" (?Update@Camera3@@UEAAXN@Z)
StudioProject.obj : error LNK2001: unresolved external symbol "public: class Mtx44 __cdecl Mtx44::operator*(class Mtx44 const &)const " (??DMtx44@@QEBA?AV0@AEBV0@@Z)
Camera3.obj : error LNK2019: unresolved external symbol "public: struct Vector3 __cdecl Mtx44::operator*(struct Vector3 const &)const " (??DMtx44@@QEBA?AUVector3@@AEBU1@@Z) referenced in function "public: virtual void __cdecl Camera3::Update(double)" (?Update@Camera3@@UEAAXN@Z)
StudioProject.obj : error LNK2001: unresolved external symbol "public: struct Vector3 __cdecl Mtx44::operator*(struct Vector3 const &)const " (??DMtx44@@QEBA?AUVector3@@AEBU1@@Z)
Camera3.obj : error LNK2019: unresolved external symbol "public: void __cdecl Mtx44::SetToRotation(float,float,float,float)" (?SetToRotation@Mtx44@@QEAAXMMMM@Z) referenced in function "public: virtual void __cdecl Camera3::Update(double)" (?Update@Camera3@@UEAAXN@Z)
Dinosaur.obj : error LNK2019: unresolved external symbol "public: __cdecl Vector3::Vector3(struct Vector3 const &)" (??0Vector3@@QEAA@AEBU0@@Z) referenced in function "public: struct Vector3 __cdecl Dinosaur::GetPosition(void)" (?GetPosition@Dinosaur@@QEAA?AUVector3@@XZ)
LoadOBJ.obj : error LNK2001: unresolved external symbol "public: __cdecl Vector3::Vector3(struct Vector3 const &)" (??0Vector3@@QEAA@AEBU0@@Z)
MeshBuilder.obj : error LNK2001: unresolved external symbol "public: __cdecl Vector3::Vector3(struct Vector3 const &)" (??0Vector3@@QEAA@AEBU0@@Z)
Dinosaur.obj : error LNK2019: unresolved external symbol "public: struct Vector3 & __cdecl Vector3::operator+=(struct Vector3 const &)" (??YVector3@@QEAAAEAU0@AEBU0@@Z) referenced in function "public: void __cdecl Dinosaur::MoveDinoForward(void)" (?MoveDinoForward@Dinosaur@@QEAAXXZ)
Dinosaur.obj : error LNK2019: unresolved external symbol "public: struct Vector3 & __cdecl Vector3::operator-=(struct Vector3 const &)" (??ZVector3@@QEAAAEAU0@AEBU0@@Z) referenced in function "public: void __cdecl Dinosaur::MoveDinoBackward(void)" (?MoveDinoBackward@Dinosaur@@QEAAXXZ)
LoadTGA.obj : error LNK2001: unresolved external symbol __imp___glewGenerateMipmap
Mesh.obj : error LNK2001: unresolved external symbol __imp___glewBindBuffer
MeshBuilder.obj : error LNK2001: unresolved external symbol __imp___glewBindBuffer
Mesh.obj : error LNK2001: unresolved external symbol __imp___glewDeleteBuffers
Mesh.obj : error LNK2001: unresolved external symbol __imp___glewGenBuffers
Mesh.obj : error LNK2001: unresolved external symbol __imp___glewDisableVertexAttribArray
Mesh.obj : error LNK2001: unresolved external symbol __imp___glewEnableVertexAttribArray
Mesh.obj : error LNK2001: unresolved external symbol __imp___glewVertexAttribPointer
MeshBuilder.obj : error LNK2001: unresolved external symbol __imp___glewBufferData
StudioProject.obj : error LNK2019: unresolved external symbol "public: class Mtx44 __cdecl Mtx44::GetTranspose(void)const " (?GetTranspose@Mtx44@@QEBA?AV1@XZ) referenced in function "private: void __cdecl StudioProject::RenderMesh(class Mesh *,bool)" (?RenderMesh@StudioProject@@AEAAXPEAVMesh@@_N@Z)
StudioProject.obj : error LNK2019: unresolved external symbol "public: class Mtx44 __cdecl Mtx44::GetInverse(void)const " (?GetInverse@Mtx44@@QEBA?AV1@XZ) referenced in function "private: void __cdecl StudioProject::RenderMesh(class Mesh *,bool)" (?RenderMesh@StudioProject@@AEAAXPEAVMesh@@_N@Z)
StudioProject.obj : error LNK2019: unresolved external symbol "public: class Mtx44 & __cdecl Mtx44::operator=(class Mtx44 const &)" (??4Mtx44@@QEAAAEAV0@AEBV0@@Z) referenced in function "private: void __cdecl StudioProject::RenderMesh(class Mesh *,bool)" (?RenderMesh@StudioProject@@AEAAXPEAVMesh@@_N@Z)
StudioProject.obj : error LNK2019: unresolved external symbol "public: void __cdecl Mtx44::SetToTranslation(float,float,float)" (?SetToTranslation@Mtx44@@QEAAXMMM@Z) referenced in function "private: void __cdecl StudioProject::RenderText(class Mesh *,class std::basic_string<char,struct std::char_traits<char>,class std::allocator<char> >,struct Color)" (?RenderText@StudioProject@@AEAAXPEAVMesh@@V?$basic_string@DU?$char_traits@D@std@@V?$allocator@D@2@@std@@UColor@@@Z)
StudioProject.obj : error LNK2019: unresolved external symbol "public: void __cdecl Mtx44::SetToPerspective(double,double,double,double)" (?SetToPerspective@Mtx44@@QEAAXNNNN@Z) referenced in function "public: virtual void __cdecl StudioProject::Init(void)" (?Init@StudioProject@@UEAAXXZ)
StudioProject.obj : error LNK2019: unresolved external symbol "public: void __cdecl Mtx44::SetToOrtho(double,double,double,double,double,double)" (?SetToOrtho@Mtx44@@QEAAXNNNNNN@Z) referenced in function "private: void __cdecl StudioProject::RenderTextOnScreen(class Mesh *,class std::basic_string<char,struct std::char_traits<char>,class std::allocator<char> >,struct Color,float,float,float)" (?RenderTextOnScreen@StudioProject@@AEAAXPEAVMesh@@V?$basic_string@DU?$char_traits@D@std@@V?$allocator@D@2@@std@@UColor@@MMM@Z)
StudioProject.obj : error LNK2019: unresolved external symbol "public: __cdecl MS::MS(void)" (??0MS@@QEAA@XZ) referenced in function "public: __cdecl StudioProject::StudioProject(void)" (??0StudioProject@@QEAA@XZ)
StudioProject.obj : error LNK2019: unresolved external symbol "public: __cdecl MS::~MS(void)" (??1MS@@QEAA@XZ) referenced in function "int `public: __cdecl StudioProject::StudioProject(void)'::`1'::dtor$3" (?dtor$3@?0???0StudioProject@@QEAA@XZ@4HA)
StudioProject.obj : error LNK2019: unresolved external symbol "public: class Mtx44 const & __cdecl MS::Top(void)const " (?Top@MS@@QEBAAEBVMtx44@@XZ) referenced in function "public: virtual void __cdecl StudioProject::Render(void)" (?Render@StudioProject@@UEAAXXZ)
StudioProject.obj : error LNK2019: unresolved external symbol "public: void __cdecl MS::PopMatrix(void)" (?PopMatrix@MS@@QEAAXXZ) referenced in function "public: virtual void __cdecl StudioProject::Render(void)" (?Render@StudioProject@@UEAAXXZ)
StudioProject.obj : error LNK2019: unresolved external symbol "public: void __cdecl MS::PushMatrix(void)" (?PushMatrix@MS@@QEAAXXZ) referenced in function "public: virtual void __cdecl StudioProject::Render(void)" (?Render@StudioProject@@UEAAXXZ)
StudioProject.obj : error LNK2019: unresolved external symbol "public: void __cdecl MS::LoadIdentity(void)" (?LoadIdentity@MS@@QEAAXXZ) referenced in function "public: virtual void __cdecl StudioProject::Render(void)" (?Render@StudioProject@@UEAAXXZ)
StudioProject.obj : error LNK2019: unresolved external symbol "public: void __cdecl MS::LoadMatrix(class Mtx44 const &)" (?LoadMatrix@MS@@QEAAXAEBVMtx44@@@Z) referenced in function "public: virtual void __cdecl StudioProject::Init(void)" (?Init@StudioProject@@UEAAXXZ)
StudioProject.obj : error LNK2019: unresolved external symbol "public: void __cdecl MS::Rotate(float,float,float,float)" (?Rotate@MS@@QEAAXMMMM@Z) referenced in function "private: void __cdecl StudioProject::RenderSkybox(void)" (?RenderSkybox@StudioProject@@AEAAXXZ)
StudioProject.obj : error LNK2019: unresolved external symbol "public: void __cdecl MS::Scale(float,float,float)" (?Scale@MS@@QEAAXMMM@Z) referenced in function "private: void __cdecl StudioProject::RenderSkybox(void)" (?RenderSkybox@StudioProject@@AEAAXXZ)
StudioProject.obj : error LNK2019: unresolved external symbol "public: void __cdecl MS::Translate(float,float,float)" (?Translate@MS@@QEAAXMMM@Z) referenced in function "public: virtual void __cdecl StudioProject::Render(void)" (?Render@StudioProject@@UEAAXXZ)
StudioProject.obj : error LNK2019: unresolved external symbol "public: void __cdecl MS::LookAt(double,double,double,double,double,double,double,double,double)" (?LookAt@MS@@QEAAXNNNNNNNNN@Z) referenced in function "public: virtual void __cdecl StudioProject::Render(void)" (?Render@StudioProject@@UEAAXXZ)
StudioProject.obj : error LNK2001: unresolved external symbol __imp___glewActiveTexture
StudioProject.obj : error LNK2001: unresolved external symbol __imp___glewDeleteProgram
StudioProject.obj : error LNK2001: unresolved external symbol __imp___glewGetUniformLocation
StudioProject.obj : error LNK2001: unresolved external symbol __imp___glewUniform1f
StudioProject.obj : error LNK2001: unresolved external symbol __imp___glewUniform1i
StudioProject.obj : error LNK2001: unresolved external symbol __imp___glewUniform3fv
StudioProject.obj : error LNK2001: unresolved external symbol __imp___glewUniformMatrix4fv
StudioProject.obj : error LNK2001: unresolved external symbol __imp___glewUseProgram
StudioProject.obj : error LNK2001: unresolved external symbol __imp___glewBindVertexArray
StudioProject.obj : error LNK2001: unresolved external symbol __imp___glewGenVertexArrays
shader.obj : error LNK2001: unresolved external symbol __imp___glewAttachShader
shader.obj : error LNK2001: unresolved external symbol __imp___glewCompileShader
shader.obj : error LNK2001: unresolved external symbol __imp___glewCreateProgram
shader.obj : error LNK2001: unresolved external symbol __imp___glewCreateShader
shader.obj : error LNK2001: unresolved external symbol __imp___glewDeleteShader
shader.obj : error LNK2001: unresolved external symbol __imp___glewGetProgramInfoLog
shader.obj : error LNK2001: unresolved external symbol __imp___glewGetProgramiv
shader.obj : error LNK2001: unresolved external symbol __imp___glewGetShaderInfoLog
shader.obj : error LNK2001: unresolved external symbol __imp___glewGetShaderiv
shader.obj : error LNK2001: unresolved external symbol __imp___glewLinkProgram
shader.obj : error LNK2001: unresolved external symbol __imp___glewShaderSource
C:\Users\isaac\OneDrive\Documents\Studio-Project 2\\glew\lib\glew32.lib : warning LNK4272: library machine type 'X86' conflicts with target machine type 'x64'
C:\Users\isaac\OneDrive\Documents\Studio-Project 2\\glfw\lib-vc2015\glfw3.lib : warning LNK4272: library machine type 'X86' conflicts with target machine type 'x64'
C:\Users\isaac\OneDrive\Documents\Studio-Project 2\Debug\Common.lib : warning LNK4272: library machine type 'X86' conflicts with target machine type 'x64'
C:\Users\isaac\OneDrive\Documents\Studio-Project 2\x64\Debug\MyGraphics.exe : fatal error LNK1120: 85 unresolved externals
