j:\nyp stuff\2017s2-dm2122-computer graphics\mygraphics - copy\debug\common.lib
j:\nyp stuff\2017s2-dm2122-computer graphics\computer graphics assignment 2\debug\common.lib
j:\nyp stuff\2017s2-dm2122-computer graphics\mygraphics - copy\common\debug\common.pdb
j:\nyp stuff\2017s2-dm2122-computer graphics\mygraphics - copy\common\debug\common.idb
j:\nyp stuff\2017s2-dm2122-computer graphics\mygraphics - copy\common\debug\matrixstack.obj
j:\nyp stuff\2017s2-dm2122-computer graphics\mygraphics - copy\common\debug\mtx44.obj
j:\nyp stuff\2017s2-dm2122-computer graphics\mygraphics - copy\common\debug\timer.obj
j:\nyp stuff\2017s2-dm2122-computer graphics\mygraphics - copy\common\debug\vector3.obj
j:\nyp stuff\2017s2-dm2122-computer graphics\computer graphics assignment 2\common\debug\common.pdb
j:\nyp stuff\2017s2-dm2122-computer graphics\computer graphics assignment 2\common\debug\common.idb
j:\nyp stuff\2017s2-dm2122-computer graphics\computer graphics assignment 2\common\debug\matrixstack.obj
j:\nyp stuff\2017s2-dm2122-computer graphics\computer graphics assignment 2\common\debug\mtx44.obj
j:\nyp stuff\2017s2-dm2122-computer graphics\computer graphics assignment 2\common\debug\timer.obj
j:\nyp stuff\2017s2-dm2122-computer graphics\computer graphics assignment 2\common\debug\vector3.obj
j:\nyp stuff\2017s2-dm2122-computer graphics\computer graphics assignment 2\debug\common.pdb
j:\nyp stuff\2017s2-dm2122-computer graphics\computer graphics assignment 2\common\debug\common.tlog\cl.command.1.tlog
j:\nyp stuff\2017s2-dm2122-computer graphics\computer graphics assignment 2\common\debug\common.tlog\lib.command.1.tlog
j:\nyp stuff\2017s2-dm2122-computer graphics\computer graphics assignment 2\common\debug\common.tlog\cl.read.1.tlog
j:\nyp stuff\2017s2-dm2122-computer graphics\computer graphics assignment 2\common\debug\common.tlog\lib-link.read.1.tlog
j:\nyp stuff\2017s2-dm2122-computer graphics\computer graphics assignment 2\common\debug\common.tlog\lib-link.write.1.tlog
j:\nyp stuff\2017s2-dm2122-computer graphics\computer graphics assignment 2\common\debug\common.tlog\cl.write.1.tlog
